c:\users\админ\source\repos\nirlab6\nirlab6\x64\debug\vc143.pdb
c:\users\админ\source\repos\nirlab6\nirlab6\x64\debug\.netframework,version=v4.7.2.assemblyattributes.obj
c:\users\админ\source\repos\nirlab6\nirlab6\x64\debug\myform.obj
c:\users\админ\source\repos\nirlab6\x64\debug\nirlab6.exe
c:\users\админ\source\repos\nirlab6\x64\debug\nirlab6.pdb
c:\users\админ\source\repos\nirlab5\x64\debug\nirlab6.exe
c:\users\админ\source\repos\nirlab5\x64\debug\nirlab6.pdb
c:\users\админ\source\repos\nirlab6\nirlab6\x64\debug\nirlab6.tlog\cl.command.1.tlog
c:\users\админ\source\repos\nirlab6\nirlab6\x64\debug\nirlab6.tlog\cl.items.tlog
c:\users\админ\source\repos\nirlab6\nirlab6\x64\debug\nirlab6.tlog\cl.read.1.tlog
c:\users\админ\source\repos\nirlab6\nirlab6\x64\debug\nirlab6.tlog\cl.write.1.tlog
c:\users\админ\source\repos\nirlab6\nirlab6\x64\debug\nirlab6.tlog\link.command.1.tlog
c:\users\админ\source\repos\nirlab6\nirlab6\x64\debug\nirlab6.tlog\link.read.1.tlog
c:\users\админ\source\repos\nirlab6\nirlab6\x64\debug\nirlab6.tlog\link.secondary.1.tlog
c:\users\админ\source\repos\nirlab6\nirlab6\x64\debug\nirlab6.tlog\link.write.1.tlog
c:\users\админ\source\repos\nirlab6\nirlab6\x64\debug\nirlab6.tlog\metagen.read.1.tlog
c:\users\админ\source\repos\nirlab6\nirlab6\x64\debug\nirlab6.tlog\metagen.write.1.tlog
c:\users\админ\source\repos\nirlab6\nirlab6\x64\debug\nirlab6.tlog\resgen.command.1.tlog
c:\users\админ\source\repos\nirlab6\nirlab6\x64\debug\nirlab6.tlog\resgen.read.1.tlog
c:\users\админ\source\repos\nirlab6\nirlab6\x64\debug\nirlab6.tlog\resgen.write.1.tlog
